Lenth: 500
The 1 iteration：
tensor(0.6010, device='cuda:3', grad_fn=<MseLossBackward0>)
tensor(0.0189, device='cuda:3', grad_fn=<MseLossBackward0>)
tensor(0.0206, device='cuda:3', grad_fn=<MseLossBackward0>)
tensor(0.0128, device='cuda:3', grad_fn=<MseLossBackward0>)
tensor(0.0209, device='cuda:3', grad_fn=<MseLossBackward0>)
The 1 iteration train finished
tensor(0.0129, device='cuda:3', grad_fn=<MseLossBackward0>)
tensor(0.0129, device='cuda:3', grad_fn=<MseLossBackward0>)
The 1  iteration loss =  0.03426069152727723
The 2 iteration：
tensor(0.0105, device='cuda:3', grad_fn=<MseLossBackward0>)
tensor(0.0104, device='cuda:3', grad_fn=<MseLossBackward0>)
tensor(0.0171, device='cuda:3', grad_fn=<MseLossBackward0>)
tensor(0.0114, device='cuda:3', grad_fn=<MseLossBackward0>)
tensor(0.0197, device='cuda:3', grad_fn=<MseLossBackward0>)
The 2 iteration train finished
tensor(0.0119, device='cuda:3', grad_fn=<MseLossBackward0>)
tensor(0.0119, device='cuda:3', grad_fn=<MseLossBackward0>)
The 2  iteration loss =  0.011949752194806934
The 3 iteration：
tensor(0.0097, device='cuda:3', grad_fn=<MseLossBackward0>)
tensor(0.0093, device='cuda:3', grad_fn=<MseLossBackward0>)
tensor(0.0160, device='cuda:3', grad_fn=<MseLossBackward0>)
tensor(0.0109, device='cuda:3', grad_fn=<MseLossBackward0>)
tensor(0.0191, device='cuda:3', grad_fn=<MseLossBackward0>)
The 3 iteration train finished
tensor(0.0114, device='cuda:3', grad_fn=<MseLossBackward0>)
tensor(0.0114, device='cuda:3', grad_fn=<MseLossBackward0>)
The 3  iteration loss =  0.01125649291370064
The 4 iteration：
tensor(0.0093, device='cuda:3', grad_fn=<MseLossBackward0>)
tensor(0.0088, device='cuda:3', grad_fn=<MseLossBackward0>)
tensor(0.0153, device='cuda:3', grad_fn=<MseLossBackward0>)
tensor(0.0105, device='cuda:3', grad_fn=<MseLossBackward0>)
tensor(0.0186, device='cuda:3', grad_fn=<MseLossBackward0>)
The 4 iteration train finished
tensor(0.0111, device='cuda:3', grad_fn=<MseLossBackward0>)
tensor(0.0111, device='cuda:3', grad_fn=<MseLossBackward0>)
The 4  iteration loss =  0.010832501059398056
The 5 iteration：
tensor(0.0090, device='cuda:3', grad_fn=<MseLossBackward0>)
tensor(0.0083, device='cuda:3', grad_fn=<MseLossBackward0>)
tensor(0.0147, device='cuda:3', grad_fn=<MseLossBackward0>)
tensor(0.0102, device='cuda:3', grad_fn=<MseLossBackward0>)
tensor(0.0182, device='cuda:3', grad_fn=<MseLossBackward0>)
The 5 iteration train finished
tensor(0.0108, device='cuda:3', grad_fn=<MseLossBackward0>)
tensor(0.0108, device='cuda:3', grad_fn=<MseLossBackward0>)
The 5  iteration loss =  0.010502871259115636
The 6 iteration：
tensor(0.0088, device='cuda:3', grad_fn=<MseLossBackward0>)
tensor(0.0080, device='cuda:3', grad_fn=<MseLossBackward0>)
tensor(0.0141, device='cuda:3', grad_fn=<MseLossBackward0>)
tensor(0.0099, device='cuda:3', grad_fn=<MseLossBackward0>)
tensor(0.0178, device='cuda:3', grad_fn=<MseLossBackward0>)
The 6 iteration train finished
tensor(0.0107, device='cuda:3', grad_fn=<MseLossBackward0>)
tensor(0.0107, device='cuda:3', grad_fn=<MseLossBackward0>)
The 6  iteration loss =  0.010213918927125632
The 7 iteration：
tensor(0.0086, device='cuda:3', grad_fn=<MseLossBackward0>)
tensor(0.0078, device='cuda:3', grad_fn=<MseLossBackward0>)
tensor(0.0135, device='cuda:3', grad_fn=<MseLossBackward0>)
tensor(0.0096, device='cuda:3', grad_fn=<MseLossBackward0>)
tensor(0.0174, device='cuda:3', grad_fn=<MseLossBackward0>)
The 7 iteration train finished
tensor(0.0106, device='cuda:3', grad_fn=<MseLossBackward0>)
tensor(0.0106, device='cuda:3', grad_fn=<MseLossBackward0>)
The 7  iteration loss =  0.009945801284164191
The 8 iteration：
tensor(0.0084, device='cuda:3', grad_fn=<MseLossBackward0>)
tensor(0.0075, device='cuda:3', grad_fn=<MseLossBackward0>)
tensor(0.0128, device='cuda:3', grad_fn=<MseLossBackward0>)
tensor(0.0093, device='cuda:3', grad_fn=<MseLossBackward0>)
tensor(0.0169, device='cuda:3', grad_fn=<MseLossBackward0>)
The 8 iteration train finished
tensor(0.0105, device='cuda:3', grad_fn=<MseLossBackward0>)
tensor(0.0105, device='cuda:3', grad_fn=<MseLossBackward0>)
The 8  iteration loss =  0.009692404603585602
The 9 iteration：
tensor(0.0082, device='cuda:3', grad_fn=<MseLossBackward0>)
tensor(0.0073, device='cuda:3', grad_fn=<MseLossBackward0>)
tensor(0.0122, device='cuda:3', grad_fn=<MseLossBackward0>)
tensor(0.0090, device='cuda:3', grad_fn=<MseLossBackward0>)
tensor(0.0164, device='cuda:3', grad_fn=<MseLossBackward0>)
The 9 iteration train finished
tensor(0.0104, device='cuda:3', grad_fn=<MseLossBackward0>)
tensor(0.0104, device='cuda:3', grad_fn=<MseLossBackward0>)
The 9  iteration loss =  0.00945195028744638
The 10 iteration：
tensor(0.0080, device='cuda:3', grad_fn=<MseLossBackward0>)
tensor(0.0070, device='cuda:3', grad_fn=<MseLossBackward0>)
tensor(0.0116, device='cuda:3', grad_fn=<MseLossBackward0>)
tensor(0.0086, device='cuda:3', grad_fn=<MseLossBackward0>)
tensor(0.0160, device='cuda:3', grad_fn=<MseLossBackward0>)
The 10 iteration train finished
tensor(0.0103, device='cuda:3', grad_fn=<MseLossBackward0>)
tensor(0.0103, device='cuda:3', grad_fn=<MseLossBackward0>)
The 10  iteration loss =  0.00922448497917503
The 11 iteration：
tensor(0.0078, device='cuda:3', grad_fn=<MseLossBackward0>)
tensor(0.0067, device='cuda:3', grad_fn=<MseLossBackward0>)
tensor(0.0111, device='cuda:3', grad_fn=<MseLossBackward0>)
tensor(0.0083, device='cuda:3', grad_fn=<MseLossBackward0>)
tensor(0.0155, device='cuda:3', grad_fn=<MseLossBackward0>)
The 11 iteration train finished
tensor(0.0103, device='cuda:3', grad_fn=<MseLossBackward0>)
tensor(0.0103, device='cuda:3', grad_fn=<MseLossBackward0>)
The 11  iteration loss =  0.00901319010835141
The 12 iteration：
tensor(0.0075, device='cuda:3', grad_fn=<MseLossBackward0>)
tensor(0.0065, device='cuda:3', grad_fn=<MseLossBackward0>)
tensor(0.0106, device='cuda:3', grad_fn=<MseLossBackward0>)
tensor(0.0080, device='cuda:3', grad_fn=<MseLossBackward0>)
tensor(0.0150, device='cuda:3', grad_fn=<MseLossBackward0>)
The 12 iteration train finished
tensor(0.0102, device='cuda:3', grad_fn=<MseLossBackward0>)
tensor(0.0102, device='cuda:3', grad_fn=<MseLossBackward0>)
The 12  iteration loss =  0.008815675765275956
The 13 iteration：
tensor(0.0073, device='cuda:3', grad_fn=<MseLossBackward0>)
tensor(0.0063, device='cuda:3', grad_fn=<MseLossBackward0>)
tensor(0.0102, device='cuda:3', grad_fn=<MseLossBackward0>)
tensor(0.0077, device='cuda:3', grad_fn=<MseLossBackward0>)
tensor(0.0146, device='cuda:3', grad_fn=<MseLossBackward0>)
The 13 iteration train finished
tensor(0.0102, device='cuda:3', grad_fn=<MseLossBackward0>)
tensor(0.0102, device='cuda:3', grad_fn=<MseLossBackward0>)
The 13  iteration loss =  0.00863336168974638
The 14 iteration：
tensor(0.0071, device='cuda:3', grad_fn=<MseLossBackward0>)
tensor(0.0061, device='cuda:3', grad_fn=<MseLossBackward0>)
tensor(0.0098, device='cuda:3', grad_fn=<MseLossBackward0>)
tensor(0.0075, device='cuda:3', grad_fn=<MseLossBackward0>)
tensor(0.0141, device='cuda:3', grad_fn=<MseLossBackward0>)
The 14 iteration train finished
tensor(0.0101, device='cuda:3', grad_fn=<MseLossBackward0>)
tensor(0.0101, device='cuda:3', grad_fn=<MseLossBackward0>)
The 14  iteration loss =  0.00846416417369619
The 15 iteration：
tensor(0.0069, device='cuda:3', grad_fn=<MseLossBackward0>)
tensor(0.0059, device='cuda:3', grad_fn=<MseLossBackward0>)
tensor(0.0094, device='cuda:3', grad_fn=<MseLossBackward0>)
tensor(0.0072, device='cuda:3', grad_fn=<MseLossBackward0>)
tensor(0.0137, device='cuda:3', grad_fn=<MseLossBackward0>)
The 15 iteration train finished
tensor(0.0101, device='cuda:3', grad_fn=<MseLossBackward0>)
tensor(0.0101, device='cuda:3', grad_fn=<MseLossBackward0>)
The 15  iteration loss =  0.00830680202972144
The 16 iteration：
tensor(0.0068, device='cuda:3', grad_fn=<MseLossBackward0>)
tensor(0.0058, device='cuda:3', grad_fn=<MseLossBackward0>)
tensor(0.0091, device='cuda:3', grad_fn=<MseLossBackward0>)
tensor(0.0070, device='cuda:3', grad_fn=<MseLossBackward0>)
tensor(0.0133, device='cuda:3', grad_fn=<MseLossBackward0>)
The 16 iteration train finished
tensor(0.0101, device='cuda:3', grad_fn=<MseLossBackward0>)
tensor(0.0101, device='cuda:3', grad_fn=<MseLossBackward0>)
The 16  iteration loss =  0.008160868800245226
The 17 iteration：
tensor(0.0066, device='cuda:3', grad_fn=<MseLossBackward0>)
tensor(0.0056, device='cuda:3', grad_fn=<MseLossBackward0>)
tensor(0.0088, device='cuda:3', grad_fn=<MseLossBackward0>)
tensor(0.0068, device='cuda:3', grad_fn=<MseLossBackward0>)
tensor(0.0130, device='cuda:3', grad_fn=<MseLossBackward0>)
The 17 iteration train finished
tensor(0.0100, device='cuda:3', grad_fn=<MseLossBackward0>)
tensor(0.0100, device='cuda:3', grad_fn=<MseLossBackward0>)
The 17  iteration loss =  0.008023024390917271
The 18 iteration：
tensor(0.0065, device='cuda:3', grad_fn=<MseLossBackward0>)
tensor(0.0055, device='cuda:3', grad_fn=<MseLossBackward0>)
tensor(0.0085, device='cuda:3', grad_fn=<MseLossBackward0>)
tensor(0.0067, device='cuda:3', grad_fn=<MseLossBackward0>)
tensor(0.0127, device='cuda:3', grad_fn=<MseLossBackward0>)
The 18 iteration train finished
tensor(0.0099, device='cuda:3', grad_fn=<MseLossBackward0>)
tensor(0.0099, device='cuda:3', grad_fn=<MseLossBackward0>)
The 18  iteration loss =  0.007892667047213763
The 19 iteration：
tensor(0.0063, device='cuda:3', grad_fn=<MseLossBackward0>)
tensor(0.0055, device='cuda:3', grad_fn=<MseLossBackward0>)
tensor(0.0083, device='cuda:3', grad_fn=<MseLossBackward0>)
tensor(0.0065, device='cuda:3', grad_fn=<MseLossBackward0>)
tensor(0.0124, device='cuda:3', grad_fn=<MseLossBackward0>)
The 19 iteration train finished
tensor(0.0098, device='cuda:3', grad_fn=<MseLossBackward0>)
tensor(0.0098, device='cuda:3', grad_fn=<MseLossBackward0>)
The 19  iteration loss =  0.00776927776215598
The 20 iteration：
tensor(0.0062, device='cuda:3', grad_fn=<MseLossBackward0>)
tensor(0.0054, device='cuda:3', grad_fn=<MseLossBackward0>)
tensor(0.0081, device='cuda:3', grad_fn=<MseLossBackward0>)
tensor(0.0064, device='cuda:3', grad_fn=<MseLossBackward0>)
tensor(0.0121, device='cuda:3', grad_fn=<MseLossBackward0>)
The 20 iteration train finished
tensor(0.0098, device='cuda:3', grad_fn=<MseLossBackward0>)
tensor(0.0098, device='cuda:3', grad_fn=<MseLossBackward0>)
The 20  iteration loss =  0.0076524133994244035
The 21 iteration：
tensor(0.0061, device='cuda:3', grad_fn=<MseLossBackward0>)
tensor(0.0053, device='cuda:3', grad_fn=<MseLossBackward0>)
tensor(0.0078, device='cuda:3', grad_fn=<MseLossBackward0>)
tensor(0.0062, device='cuda:3', grad_fn=<MseLossBackward0>)
tensor(0.0119, device='cuda:3', grad_fn=<MseLossBackward0>)
The 21 iteration train finished
tensor(0.0097, device='cuda:3', grad_fn=<MseLossBackward0>)
tensor(0.0097, device='cuda:3', grad_fn=<MseLossBackward0>)
The 21  iteration loss =  0.00754080125130713
The 22 iteration：
tensor(0.0060, device='cuda:3', grad_fn=<MseLossBackward0>)
tensor(0.0053, device='cuda:3', grad_fn=<MseLossBackward0>)
tensor(0.0076, device='cuda:3', grad_fn=<MseLossBackward0>)
tensor(0.0061, device='cuda:3', grad_fn=<MseLossBackward0>)
tensor(0.0117, device='cuda:3', grad_fn=<MseLossBackward0>)
The 22 iteration train finished
tensor(0.0095, device='cuda:3', grad_fn=<MseLossBackward0>)
tensor(0.0095, device='cuda:3', grad_fn=<MseLossBackward0>)
The 22  iteration loss =  0.007433807280380279
The 23 iteration：
tensor(0.0060, device='cuda:3', grad_fn=<MseLossBackward0>)
tensor(0.0052, device='cuda:3', grad_fn=<MseLossBackward0>)
tensor(0.0075, device='cuda:3', grad_fn=<MseLossBackward0>)
tensor(0.0060, device='cuda:3', grad_fn=<MseLossBackward0>)
tensor(0.0115, device='cuda:3', grad_fn=<MseLossBackward0>)
The 23 iteration train finished
tensor(0.0095, device='cuda:3', grad_fn=<MseLossBackward0>)
tensor(0.0095, device='cuda:3', grad_fn=<MseLossBackward0>)
The 23  iteration loss =  0.007330800800584257
The 24 iteration：
tensor(0.0059, device='cuda:3', grad_fn=<MseLossBackward0>)
tensor(0.0052, device='cuda:3', grad_fn=<MseLossBackward0>)
tensor(0.0073, device='cuda:3', grad_fn=<MseLossBackward0>)
tensor(0.0059, device='cuda:3', grad_fn=<MseLossBackward0>)
tensor(0.0113, device='cuda:3', grad_fn=<MseLossBackward0>)
The 24 iteration train finished
tensor(0.0093, device='cuda:3', grad_fn=<MseLossBackward0>)
tensor(0.0093, device='cuda:3', grad_fn=<MseLossBackward0>)
The 24  iteration loss =  0.007231716665904969
The 25 iteration：
tensor(0.0058, device='cuda:3', grad_fn=<MseLossBackward0>)
tensor(0.0051, device='cuda:3', grad_fn=<MseLossBackward0>)
tensor(0.0071, device='cuda:3', grad_fn=<MseLossBackward0>)
tensor(0.0058, device='cuda:3', grad_fn=<MseLossBackward0>)
tensor(0.0112, device='cuda:3', grad_fn=<MseLossBackward0>)
The 25 iteration train finished
tensor(0.0092, device='cuda:3', grad_fn=<MseLossBackward0>)
tensor(0.0092, device='cuda:3', grad_fn=<MseLossBackward0>)
The 25  iteration loss =  0.007135215824469924
The 26 iteration：
tensor(0.0057, device='cuda:3', grad_fn=<MseLossBackward0>)
tensor(0.0051, device='cuda:3', grad_fn=<MseLossBackward0>)
tensor(0.0070, device='cuda:3', grad_fn=<MseLossBackward0>)
tensor(0.0057, device='cuda:3', grad_fn=<MseLossBackward0>)
tensor(0.0110, device='cuda:3', grad_fn=<MseLossBackward0>)
The 26 iteration train finished
tensor(0.0091, device='cuda:3', grad_fn=<MseLossBackward0>)
tensor(0.0091, device='cuda:3', grad_fn=<MseLossBackward0>)
The 26  iteration loss =  0.007042465827893466
The 27 iteration：
tensor(0.0057, device='cuda:3', grad_fn=<MseLossBackward0>)
tensor(0.0051, device='cuda:3', grad_fn=<MseLossBackward0>)
tensor(0.0069, device='cuda:3', grad_fn=<MseLossBackward0>)
tensor(0.0056, device='cuda:3', grad_fn=<MseLossBackward0>)
tensor(0.0108, device='cuda:3', grad_fn=<MseLossBackward0>)
The 27 iteration train finished
tensor(0.0090, device='cuda:3', grad_fn=<MseLossBackward0>)
tensor(0.0090, device='cuda:3', grad_fn=<MseLossBackward0>)
The 27  iteration loss =  0.006950819814577699
The 28 iteration：
tensor(0.0056, device='cuda:3', grad_fn=<MseLossBackward0>)
tensor(0.0050, device='cuda:3', grad_fn=<MseLossBackward0>)
tensor(0.0068, device='cuda:3', grad_fn=<MseLossBackward0>)
tensor(0.0055, device='cuda:3', grad_fn=<MseLossBackward0>)
tensor(0.0107, device='cuda:3', grad_fn=<MseLossBackward0>)
The 28 iteration train finished
tensor(0.0089, device='cuda:3', grad_fn=<MseLossBackward0>)
tensor(0.0089, device='cuda:3', grad_fn=<MseLossBackward0>)
The 28  iteration loss =  0.0068616916704922915
The 29 iteration：
tensor(0.0055, device='cuda:3', grad_fn=<MseLossBackward0>)
tensor(0.0050, device='cuda:3', grad_fn=<MseLossBackward0>)
tensor(0.0066, device='cuda:3', grad_fn=<MseLossBackward0>)
tensor(0.0054, device='cuda:3', grad_fn=<MseLossBackward0>)
tensor(0.0106, device='cuda:3', grad_fn=<MseLossBackward0>)
The 29 iteration train finished
tensor(0.0088, device='cuda:3', grad_fn=<MseLossBackward0>)
tensor(0.0088, device='cuda:3', grad_fn=<MseLossBackward0>)
The 29  iteration loss =  0.006773905412293971
The 30 iteration：
tensor(0.0055, device='cuda:3', grad_fn=<MseLossBackward0>)
tensor(0.0050, device='cuda:3', grad_fn=<MseLossBackward0>)
tensor(0.0065, device='cuda:3', grad_fn=<MseLossBackward0>)
tensor(0.0053, device='cuda:3', grad_fn=<MseLossBackward0>)
tensor(0.0104, device='cuda:3', grad_fn=<MseLossBackward0>)
The 30 iteration train finished
tensor(0.0086, device='cuda:3', grad_fn=<MseLossBackward0>)
tensor(0.0086, device='cuda:3', grad_fn=<MseLossBackward0>)
The 30  iteration loss =  0.006687102505005896
TrainLoss [0.03426069152727723, 0.011949752194806934, 0.01125649291370064, 0.010832501059398056, 0.010502871259115636, 0.010213918927125632, 0.009945801284164191, 0.009692404603585602, 0.00945195028744638, 0.00922448497917503, 0.00901319010835141, 0.008815675765275956, 0.00863336168974638, 0.00846416417369619, 0.00830680202972144, 0.008160868800245226, 0.008023024390917271, 0.007892667047213763, 0.00776927776215598, 0.0076524133994244035, 0.00754080125130713, 0.007433807280380279, 0.007330800800584257, 0.007231716665904969, 0.007135215824469924, 0.007042465827893466, 0.006950819814577699, 0.0068616916704922915, 0.006773905412293971, 0.006687102505005896]
